<?xml version="1.0" encoding="UTF-8"?>
<!-- Generated by org.testng.reporters.JUnitReportReporter -->
<testsuite skipped="0" hostname="INLN50944484A" name="cucumberRunner.CucumberRunnerTestNG" tests="1" failures="0" timestamp="21 Aug 2019 10:38:55 GMT" time="22.169" errors="0">
  <testcase name="feature" time="22.169" classname="cucumberRunner.CucumberRunnerTestNG"/>
</testsuite> <!-- cucumberRunner.CucumberRunnerTestNG -->
